<?xml version="1.0" encoding="UTF-8"?>
<testng-results skipped="0" failed="0" total="1" passed="1">
  <reporter-output>
  </reporter-output>
  <suite name="Default suite" duration-ms="1515" started-at="2014-12-04T10:11:07Z" finished-at="2014-12-04T10:11:09Z">
    <groups>
    </groups>
    <test name="Default test" duration-ms="1515" started-at="2014-12-04T10:11:07Z" finished-at="2014-12-04T10:11:09Z">
      <class name="alize.eole.controlleur.EoleControlleurTest">
        <test-method status="PASS" signature="springTestContextBeforeTestClass()[pri:0, instance:alize.eole.controlleur.EoleControlleurTest@1500955a]" name="springTestContextBeforeTestClass" is-config="true" duration-ms="5" started-at="2014-12-04T11:11:07Z" finished-at="2014-12-04T11:11:07Z">
          <reporter-output>
          </reporter-output>
        </test-method> <!-- springTestContextBeforeTestClass -->
        <test-method status="PASS" signature="springTestContextPrepareTestInstance()[pri:0, instance:alize.eole.controlleur.EoleControlleurTest@1500955a]" name="springTestContextPrepareTestInstance" is-config="true" duration-ms="1003" started-at="2014-12-04T11:11:07Z" depends-on-methods="org.springframework.test.context.testng.AbstractTestNGSpringContextTests.springTestContextBeforeTestClass" finished-at="2014-12-04T11:11:08Z">
          <reporter-output>
          </reporter-output>
        </test-method> <!-- springTestContextPrepareTestInstance -->
        <test-method status="PASS" signature="setup()[pri:0, instance:alize.eole.controlleur.EoleControlleurTest@1500955a]" name="setup" is-config="true" duration-ms="0" started-at="2014-12-04T11:11:08Z" finished-at="2014-12-04T11:11:08Z">
          <reporter-output>
          </reporter-output>
        </test-method> <!-- setup -->
        <test-method status="PASS" signature="springTestContextBeforeTestMethod(java.lang.reflect.Method)[pri:0, instance:alize.eole.controlleur.EoleControlleurTest@1500955a]" name="springTestContextBeforeTestMethod" is-config="true" duration-ms="0" started-at="2014-12-04T11:11:08Z" finished-at="2014-12-04T11:11:08Z">
          <params>
            <param index="0">
              <value>
                <![CDATA[public void alize.eole.controlleur.EoleControlleurTest.getListVoiesTest()]]>
              </value>
            </param>
          </params>
          <reporter-output>
          </reporter-output>
        </test-method> <!-- springTestContextBeforeTestMethod -->
        <test-method status="PASS" signature="getListVoiesTest()[pri:0, instance:alize.eole.controlleur.EoleControlleurTest@1500955a]" name="getListVoiesTest" duration-ms="495" started-at="2014-12-04T11:11:08Z" finished-at="2014-12-04T11:11:09Z">
          <reporter-output>
          </reporter-output>
        </test-method> <!-- getListVoiesTest -->
        <test-method status="PASS" signature="springTestContextAfterTestMethod(java.lang.reflect.Method)[pri:0, instance:alize.eole.controlleur.EoleControlleurTest@1500955a]" name="springTestContextAfterTestMethod" is-config="true" duration-ms="3" started-at="2014-12-04T11:11:09Z" finished-at="2014-12-04T11:11:09Z">
          <params>
            <param index="0">
              <value>
                <![CDATA[public void alize.eole.controlleur.EoleControlleurTest.getListVoiesTest()]]>
              </value>
            </param>
          </params>
          <reporter-output>
          </reporter-output>
        </test-method> <!-- springTestContextAfterTestMethod -->
        <test-method status="PASS" signature="springTestContextAfterTestClass()[pri:0, instance:alize.eole.controlleur.EoleControlleurTest@1500955a]" name="springTestContextAfterTestClass" is-config="true" duration-ms="1" started-at="2014-12-04T11:11:09Z" finished-at="2014-12-04T11:11:09Z">
          <reporter-output>
          </reporter-output>
        </test-method> <!-- springTestContextAfterTestClass -->
      </class> <!-- alize.eole.controlleur.EoleControlleurTest -->
    </test> <!-- Default test -->
  </suite> <!-- Default suite -->
</testng-results>
